<?xml version="1.0" encoding="UTF-8"?>
<!-- Generated by org.testng.reporters.JUnitReportReporter -->
<testsuite skipped="0" hostname="DESKTOP-AJBU4MS" name="com.kc.practice.Webtable_Values_Excel" tests="1" failures="0" timestamp="2020-07-27T16:05:04 IST" time="11.089" errors="0">
  <testcase name="webtable_read" time="11.089" classname="com.kc.practice.Webtable_Values_Excel"/>
  <system-out/>
</testsuite> <!-- com.kc.practice.Webtable_Values_Excel -->
