<?xml version="1.0" encoding="UTF-8"?>
<!-- Generated by org.testng.reporters.JUnitReportReporter -->
<testsuite skipped="0" hostname="Keerthichandra-Chikka.local" name="com.kc.testcases.LoginTest" tests="2" failures="0" timestamp="2020-01-11T14:45:51 IST" time="32.252" errors="0">
  <testcase name="loginTest" time="12.494" classname="com.kc.testcases.LoginTest"/>
  <testcase name="loginTest" time="19.758" classname="com.kc.testcases.LoginTest"/>
</testsuite> <!-- com.kc.testcases.LoginTest -->
