<?xml version="1.0" encoding="UTF-8"?>
<!-- Generated by org.testng.reporters.JUnitReportReporter -->
<testsuite skipped="0" hostname="Keerthichandra-Chikka.local" name="com.kc.testcases.FlightBookTest" tests="1" failures="0" timestamp="2020-01-13T16:23:09 IST" time="63.390" errors="0">
  <testcase name="flightBookTest" time="63.390" classname="com.kc.testcases.FlightBookTest"/>
</testsuite> <!-- com.kc.testcases.FlightBookTest -->
