<?xml version="1.0" encoding="UTF-8"?>
<!-- Generated by org.testng.reporters.JUnitReportReporter -->
<testsuite skipped="0" hostname="Keerthichandra-Chikka.local" name="com.kc.utility.TestParameterization" tests="2" failures="0" timestamp="2019-12-27T19:13:07 IST" time="0.018" errors="0">
  <testcase name="testData" time="0.004" classname="com.kc.utility.TestParameterization"/>
  <testcase name="testData" time="0.014" classname="com.kc.utility.TestParameterization"/>
</testsuite> <!-- com.kc.utility.TestParameterization -->
