<?xml version="1.0" encoding="UTF-8"?>
<!-- Generated by org.testng.reporters.JUnitReportReporter -->
<testsuite hostname="Keerthichandra-Chikka.local" name="com.kc.testcases.TestCase2" tests="2" failures="0" timestamp="26 Dec 2019 07:55:12 GMT" time="49.843" errors="0">
  <testcase name="doLogin" time="31.874" classname="com.kc.testcases.TestCase2"/>
  <testcase name="doLogin" time="17.969" classname="com.kc.testcases.TestCase2"/>
</testsuite> <!-- com.kc.testcases.TestCase2 -->
