<?xml version="1.0" encoding="UTF-8"?>
<!-- Generated by org.testng.reporters.JUnitReportReporter -->
<testsuite hostname="Keerthichandra-Chikka.local" name="com.kc.testcases.TestCase1" tests="1" failures="0" timestamp="26 Dec 2019 07:55:12 GMT" time="30.180" errors="0">
  <testcase name="doLogin" time="30.180" classname="com.kc.testcases.TestCase1"/>
</testsuite> <!-- com.kc.testcases.TestCase1 -->
